<?xml version="1.0" encoding="UTF-8"?>
<!-- Generated by org.testng.reporters.JUnitReportReporter -->
<testsuite skipped="2" hostname="DESKTOP-NO5P2B0" name="hrmtestcase.HrmTestcase" tests="4" failures="0" timestamp="12 Jun 2021 11:47:49 GMT" time="29.544" errors="0">
  <testcase name="LoginTest" time="18.700" classname="hrmtestcase.HrmTestcase"/>
  <testcase name="LoginTest1" time="10.844" classname="hrmtestcase.HrmTestcase"/>
  <testcase name="loginPageTitleTest" classname="hrmtestcase.HrmTestcase">
    <skipped/>
  </testcase> <!-- loginPageTitleTest -->
  <testcase name="imagetest" classname="hrmtestcase.HrmTestcase">
    <skipped/>
  </testcase> <!-- imagetest -->
</testsuite> <!-- hrmtestcase.HrmTestcase -->
